This is pdfTeX, Version 3.14159265-2.6-1.40.20 (TeX Live 2019) (preloaded format=pdflatex 2019.9.19)  22 SEP 2019 12:21
entering extended mode
 restricted \write18 enabled.
 %&-line parsing enabled.
**title_and_toc.tex
(./title_and_toc.tex
LaTeX2e <2018-12-01>

! LaTeX Error: Environment titlepage undefined.

See the LaTeX manual or LaTeX Companion for explanation.
Type  H <return>  for immediate help.
 ...                                              
                                                  
l.2 	\begin{titlepage}
                      
Your command was ignored.
Type  I <command> <return>  to replace it with another command,
or  <return>  to continue without it.


! LaTeX Error: Missing \begin{document}.

See the LaTeX manual or LaTeX Companion for explanation.
Type  H <return>  for immediate help.
 ...                                              
                                                  
l.3 		\noindent
               
You're in trouble here.  Try typing  <return>  to proceed.
If that doesn't work, type  X <return>  to quit.

! Undefined control sequence.
l.4 		\titlefont
                 ALCTG \par
The control sequence at the end of the top line
of your error message was never \def'ed. If you have
misspelled it (e.g., `\hobx'), type `I' and the correct
spelling (e.g., `I\hbox'). Otherwise just continue,
and I'll forget about whatever was undefined.

Missing character: There is no A in font nullfont!
Missing character: There is no L in font nullfont!
Missing character: There is no C in font nullfont!
Missing character: There is no T in font nullfont!
Missing character: There is no G in font nullfont!
! Undefined control sequence.
l.5 		\epigraph
               {\textit{The Scientist must set in order.
The control sequence at the end of the top line
of your error message was never \def'ed. If you have
misspelled it (e.g., `\hobx'), type `I' and the correct
spelling (e.g., `I\hbox'). Otherwise just continue,
and I'll forget about whatever was undefined.


! LaTeX Error: Missing \begin{document}.

See the LaTeX manual or LaTeX Companion for explanation.
Type  H <return>  for immediate help.
 ...                                              
                                                  
l.8 		than a heap of stones is a house.}
                                        }%
You're in trouble here.  Try typing  <return>  to proceed.
If that doesn't work, type  X <return>  to quit.

Missing character: There is no H in font nullfont!
Missing character: There is no e in font nullfont!
Missing character: There is no n in font nullfont!
Missing character: There is no r in font nullfont!
Missing character: There is no i in font nullfont!
Missing character: There is no P in font nullfont!
Missing character: There is no o in font nullfont!
Missing character: There is no i in font nullfont!
Missing character: There is no n in font nullfont!
Missing character: There is no c in font nullfont!
Missing character: There is no a in font nullfont!
Missing character: There is no r in font nullfont!
Missing character: There is no e in font nullfont!

Overfull \hbox (36.86655pt too wide) in paragraph at lines 8--10
[]\OT1/cmr/m/it/10 The
 []


Overfull \hbox (16.86655pt too wide) in paragraph at lines 8--10
\OT1/cmr/m/it/10 Sci-
 []


Overfull \hbox (13.7999pt too wide) in paragraph at lines 8--10
\OT1/cmr/m/it/10 en-
 []


Overfull \hbox (13.7999pt too wide) in paragraph at lines 8--10
\OT1/cmr/m/it/10 tist
 []


Overfull \hbox (20.95543pt too wide) in paragraph at lines 8--10
\OT1/cmr/m/it/10 must
 []


Overfull \hbox (12.01102pt too wide) in paragraph at lines 8--10
\OT1/cmr/m/it/10 set
 []


Overfull \hbox (8.68884pt too wide) in paragraph at lines 8--10
\OT1/cmr/m/it/10 in
 []


Overfull \hbox (12.90546pt too wide) in paragraph at lines 8--10
\OT1/cmr/m/it/10 or-
 []


Overfull \hbox (16.99432pt too wide) in paragraph at lines 8--10
\OT1/cmr/m/it/10 der.
 []


Overfull \hbox (16.86655pt too wide) in paragraph at lines 8--10
\OT1/cmr/m/it/10 Sci-
 []


Overfull \hbox (18.91095pt too wide) in paragraph at lines 8--10
\OT1/cmr/m/it/10 ence
 []


Overfull \hbox (7.15552pt too wide) in paragraph at lines 8--10
\OT1/cmr/m/it/10 is
 []


Overfull \hbox (18.91098pt too wide) in paragraph at lines 8--10
\OT1/cmr/m/it/10 built
 []


Overfull \hbox (10.47772pt too wide) in paragraph at lines 8--10
\OT1/cmr/m/it/10 up
 []


Overfull \hbox (18.14433pt too wide) in paragraph at lines 8--10
\OT1/cmr/m/it/10 with
 []


Overfull \hbox (23.2554pt too wide) in paragraph at lines 8--10
\OT1/cmr/m/it/10 facts,
 []


Overfull \hbox (9.19995pt too wide) in paragraph at lines 8--10
\OT1/cmr/m/it/10 as
 []


Overfull \hbox (5.11108pt too wide) in paragraph at lines 8--10
\OT1/cmr/m/it/10 a
 []


Overfull \hbox (24.27763pt too wide) in paragraph at lines 8--10
\OT1/cmr/m/it/10 house
 []


Overfull \hbox (7.15552pt too wide) in paragraph at lines 8--10
\OT1/cmr/m/it/10 is
 []


Overfull \hbox (18.14433pt too wide) in paragraph at lines 8--10
\OT1/cmr/m/it/10 with
 []


Overfull \hbox (29.89981pt too wide) in paragraph at lines 8--10
\OT1/cmr/m/it/10 stones.
 []


Overfull \hbox (15.72768pt too wide) in paragraph at lines 8--10
\OT1/cmr/m/it/10 But
 []


Overfull \hbox (5.11108pt too wide) in paragraph at lines 8--10
\OT1/cmr/m/it/10 a
 []


Overfull \hbox (15.3332pt too wide) in paragraph at lines 8--10
\OT1/cmr/m/it/10 col-
 []


Overfull \hbox (14.82208pt too wide) in paragraph at lines 8--10
\OT1/cmr/m/it/10 lec-
 []


Overfull \hbox (17.12212pt too wide) in paragraph at lines 8--10
\OT1/cmr/m/it/10 tion
 []


Overfull \hbox (8.17773pt too wide) in paragraph at lines 8--10
\OT1/cmr/m/it/10 of
 []


Overfull \hbox (20.18875pt too wide) in paragraph at lines 8--10
\OT1/cmr/m/it/10 facts
 []


Overfull \hbox (7.15552pt too wide) in paragraph at lines 8--10
\OT1/cmr/m/it/10 is
 []


Overfull \hbox (10.73328pt too wide) in paragraph at lines 8--10
\OT1/cmr/m/it/10 no
 []


Overfull \hbox (21.59428pt too wide) in paragraph at lines 8--10
\OT1/cmr/m/it/10 more
 []


Overfull \hbox (5.11108pt too wide) in paragraph at lines 8--10
\OT1/cmr/m/it/10 a
 []


Overfull \hbox (15.33322pt too wide) in paragraph at lines 8--10
\OT1/cmr/m/it/10 sci-
 []


Overfull \hbox (18.91095pt too wide) in paragraph at lines 8--10
\OT1/cmr/m/it/10 ence
 []


Overfull \hbox (19.16655pt too wide) in paragraph at lines 8--10
\OT1/cmr/m/it/10 than
 []


Overfull \hbox (5.11108pt too wide) in paragraph at lines 8--10
\OT1/cmr/m/it/10 a
 []


Overfull \hbox (19.42209pt too wide) in paragraph at lines 8--10
\OT1/cmr/m/it/10 heap
 []


Overfull \hbox (8.17773pt too wide) in paragraph at lines 8--10
\OT1/cmr/m/it/10 of
 []


Overfull \hbox (26.83316pt too wide) in paragraph at lines 8--10
\OT1/cmr/m/it/10 stones
 []


Overfull \hbox (7.15552pt too wide) in paragraph at lines 8--10
\OT1/cmr/m/it/10 is
 []


Overfull \hbox (5.11108pt too wide) in paragraph at lines 8--10
\OT1/cmr/m/it/10 a
 []


Overfull \hbox (59.54404pt too wide) in paragraph at lines 8--10
\OT1/cmr/m/it/10 house.Science
 []


Overfull \hbox (15.84436pt too wide) in paragraph at lines 8--10
\OT1/cmr/m/it/10 and
 []


Overfull \hbox (15.86655pt too wide) in paragraph at lines 8--10
\OT1/cmr/m/it/10 Hy-
 []


Overfull \hbox (21.72206pt too wide) in paragraph at lines 8--10
\OT1/cmr/m/it/10 poth-
 []


Overfull \hbox (8.1777pt too wide) in paragraph at lines 8--10
\OT1/cmr/m/it/10 e-
 []


Overfull \hbox (12.0652pt too wide) in paragraph at lines 8--10
\OT1/cmr/m/it/10 sis 
 []


! LaTeX Error: Missing \begin{document}.

See the LaTeX manual or LaTeX Companion for explanation.
Type  H <return>  for immediate help.
 ...                                              
                                                  
l.12 		\noindent
                
You're in trouble here.  Try typing  <return>  to proceed.
If that doesn't work, type  X <return>  to quit.


! Package babel Error: Unknown language `russian'. Either you have
(babel)                misspelled its name, it has not been installed,
(babel)                or you requested it in a previous run. Fix its name,
(babel)                install it or just rerun the file, respectively. In
(babel)                some cases, you may need to remove the aux file.

See the babel package documentation for explanation.
Type  H <return>  for immediate help.
 ...                                              
                                                  
l.16         		\selectlanguage{russian}
                                        Автор ---
You may proceed, but expect wrong results


! Package inputenc Error: Unicode character А (U+0410)
(inputenc)                not set up for use with LaTeX.

See the inputenc package documentation for explanation.
Type  H <return>  for immediate help.
 ...                                              
                                                  
l.16         		\selectlanguage{russian} А
                                          втор ---
You may provide a definition with
\DeclareUnicodeCharacter 


! Package inputenc Error: Unicode character в (U+0432)
(inputenc)                not set up for use with LaTeX.

See the inputenc package documentation for explanation.
Type  H <return>  for immediate help.
 ...                                              
                                                  
l.16         		\selectlanguage{russian} Ав
                                            тор ---
You may provide a definition with
\DeclareUnicodeCharacter 


! Package inputenc Error: Unicode character т (U+0442)
(inputenc)                not set up for use with LaTeX.

See the inputenc package documentation for explanation.
Type  H <return>  for immediate help.
 ...                                              
                                                  
l.16         		\selectlanguage{russian} Авт
                                              ор ---
You may provide a definition with
\DeclareUnicodeCharacter 


! Package inputenc Error: Unicode character о (U+043E)
(inputenc)                not set up for use with LaTeX.

See the inputenc package documentation for explanation.
Type  H <return>  for immediate help.
 ...                                              
                                                  
l.16         		\selectlanguage{russian} Авто
                                                р ---
You may provide a definition with
\DeclareUnicodeCharacter 


! Package inputenc Error: Unicode character р (U+0440)
(inputenc)                not set up for use with LaTeX.

See the inputenc package documentation for explanation.
Type  H <return>  for immediate help.
 ...                                              
                                                  
l.16         		\selectlanguage{russian} Автор
                                                   ---
You may provide a definition with
\DeclareUnicodeCharacter 

Missing character: There is no - in font nullfont!
Missing character: There is no - in font nullfont!
Missing character: There is no - in font nullfont!
! Undefined control sequence.
l.17     			\href
                 {https://vk.com/gushchin_dima}{Дима Гущин}
The control sequence at the end of the top line
of your error message was never \def'ed. If you have
misspelled it (e.g., `\hobx'), type `I' and the correct
spelling (e.g., `I\hbox'). Otherwise just continue,
and I'll forget about whatever was undefined.

Missing character: There is no h in font nullfont!
Missing character: There is no t in font nullfont!
Missing character: There is no t in font nullfont!
Missing character: There is no p in font nullfont!
Missing character: There is no s in font nullfont!
Missing character: There is no : in font nullfont!
Missing character: There is no / in font nullfont!
Missing character: There is no / in font nullfont!
Missing character: There is no v in font nullfont!
Missing character: There is no k in font nullfont!
Missing character: There is no . in font nullfont!
Missing character: There is no c in font nullfont!
Missing character: There is no o in font nullfont!
Missing character: There is no m in font nullfont!
Missing character: There is no / in font nullfont!
Missing character: There is no g in font nullfont!
Missing character: There is no u in font nullfont!
Missing character: There is no s in font nullfont!
Missing character: There is no h in font nullfont!
Missing character: There is no c in font nullfont!
Missing character: There is no h in font nullfont!
Missing character: There is no i in font nullfont!
Missing character: There is no n in font nullfont!
! Missing $ inserted.
<inserted text> 
                $
l.17     			\href{https://vk.com/gushchin_
                                          dima}{Дима Гущин}
I've inserted a begin-math/end-math symbol since I think
you left one out. Proceed, with fingers crossed.

LaTeX Font Info:    External font `cmex10' loaded for size
(Font)              <7> on input line 17.
LaTeX Font Info:    External font `cmex10' loaded for size
(Font)              <5> on input line 17.
! Extra }, or forgotten $.
l.17     			\href{https://vk.com/gushchin_dima}
                                               {Дима Гущин}
I've deleted a group-closing symbol because it seems to be
spurious, as in `$x}$'. But perhaps the } is legitimate and
you forgot something else, as in `\hbox{$x}'. In such cases
the way to recover is to insert both the forgotten and the
deleted material, e.g., by typing `I$}'.


! Package inputenc Error: Unicode character Д (U+0414)
(inputenc)                not set up for use with LaTeX.

See the inputenc package documentation for explanation.
Type  H <return>  for immediate help.
 ...                                              
                                                  
l.17     			\href{https://vk.com/gushchin_dima}{Д
                                                  има Гущин}
You may provide a definition with
\DeclareUnicodeCharacter 


! Package inputenc Error: Unicode character и (U+0438)
(inputenc)                not set up for use with LaTeX.

See the inputenc package documentation for explanation.
Type  H <return>  for immediate help.
 ...                                              
                                                  
l.17 ...		\href{https://vk.com/gushchin_dima}{Ди
                                                  ма Гущин}
You may provide a definition with
\DeclareUnicodeCharacter 


! Package inputenc Error: Unicode character м (U+043C)
(inputenc)                not set up for use with LaTeX.

See the inputenc package documentation for explanation.
Type  H <return>  for immediate help.
 ...                                              
                                                  
l.17 ...\href{https://vk.com/gushchin_dima}{Дим
                                                  а Гущин}
You may provide a definition with
\DeclareUnicodeCharacter 


! Package inputenc Error: Unicode character а (U+0430)
(inputenc)                not set up for use with LaTeX.

See the inputenc package documentation for explanation.
Type  H <return>  for immediate help.
 ...                                              
                                                  
l.17 ...ref{https://vk.com/gushchin_dima}{Дима
                                                   Гущин}
You may provide a definition with
\DeclareUnicodeCharacter 


! Package inputenc Error: Unicode character Г (U+0413)
(inputenc)                not set up for use with LaTeX.

See the inputenc package documentation for explanation.
Type  H <return>  for immediate help.
 ...                                              
                                                  
l.17 ...{https://vk.com/gushchin_dima}{Дима Г
                                                  ущин}
You may provide a definition with
\DeclareUnicodeCharacter 


! Package inputenc Error: Unicode character у (U+0443)
(inputenc)                not set up for use with LaTeX.

See the inputenc package documentation for explanation.
Type  H <return>  for immediate help.
 ...                                              
                                                  
l.17 ...ttps://vk.com/gushchin_dima}{Дима Гу
                                                  щин}
You may provide a definition with
\DeclareUnicodeCharacter 


! Package inputenc Error: Unicode character щ (U+0449)
(inputenc)                not set up for use with LaTeX.

See the inputenc package documentation for explanation.
Type  H <return>  for immediate help.
 ...                                              
                                                  
l.17 ...ps://vk.com/gushchin_dima}{Дима Гущ
                                                  ин}
You may provide a definition with
\DeclareUnicodeCharacter 


! Package inputenc Error: Unicode character и (U+0438)
(inputenc)                not set up for use with LaTeX.

See the inputenc package documentation for explanation.
Type  H <return>  for immediate help.
 ...                                              
                                                  
l.17 ...://vk.com/gushchin_dima}{Дима Гущи
                                                  н}
You may provide a definition with
\DeclareUnicodeCharacter 


! Package inputenc Error: Unicode character н (U+043D)
(inputenc)                not set up for use with LaTeX.

See the inputenc package documentation for explanation.
Type  H <return>  for immediate help.
 ...                                              
                                                  
l.17 .../vk.com/gushchin_dima}{Дима Гущин
                                                  }
You may provide a definition with
\DeclareUnicodeCharacter 


! LaTeX Error: Command \end{flushright} invalid in math mode.

See the LaTeX manual or LaTeX Companion for explanation.
Type  H <return>  for immediate help.
 ...                                              
                                                  
l.18     		\end{flushright}
                           
Try typing  <return>  to proceed.
If that doesn't work, type  X <return>  to quit.


! LaTeX Error: Something's wrong--perhaps a missing \item.

See the LaTeX manual or LaTeX Companion for explanation.
Type  H <return>  for immediate help.
 ...                                              
                                                  
l.18     		\end{flushright}
                           
Try typing  <return>  to proceed.
If that doesn't work, type  X <return>  to quit.


! LaTeX Error: Something's wrong--perhaps a missing \item.

See the LaTeX manual or LaTeX Companion for explanation.
Type  H <return>  for immediate help.
 ...                                              
                                                  
l.18     		\end{flushright}
                           
Try typing  <return>  to proceed.
If that doesn't work, type  X <return>  to quit.

! Missing $ inserted.
<inserted text> 
                $
l.18     		\end{flushright}
                           
I've inserted something that you may have forgotten.
(See the <inserted text> above.)
With luck, this will get me unwedged. But if you
really didn't forget anything, try typing `2' now; then
my insertion and my current dilemma will both disappear.

! Missing } inserted.
<inserted text> 
                }
l.18     		\end{flushright}
                           
I've inserted something that you may have forgotten.
(See the <inserted text> above.)
With luck, this will get me unwedged. But if you
really didn't forget anything, try typing `2' now; then
my insertion and my current dilemma will both disappear.


! Package babel Error: Unknown language `english'. Either you have
(babel)                misspelled its name, it has not been installed,
(babel)                or you requested it in a previous run. Fix its name,
(babel)                install it or just rerun the file, respectively. In
(babel)                some cases, you may need to remove the aux file.

See the babel package documentation for explanation.
Type  H <return>  for immediate help.
 ...                                              
                                                  
l.18     		\end{flushright}
                           
You may proceed, but expect wrong results


Overfull \hbox (22.17403pt too wide) in paragraph at lines 16--19
[]\OML/cmm/m/it/10 ima[]$ 
 []


Overfull \hbox (1.0pt too wide) in paragraph at lines 22--23
[][] 
 []


! LaTeX Error: \begin{document} ended by \end{titlepage}.

See the LaTeX manual or LaTeX Companion for explanation.
Type  H <return>  for immediate help.
 ...                                              
                                                  
l.24 	\end{titlepage}
                     
Your command was ignored.
Type  I <command> <return>  to replace it with another command,
or  <return>  to continue without it.

! Undefined control sequence.
l.28   		\hypersetup
                    {hidelinks}
The control sequence at the end of the top line
of your error message was never \def'ed. If you have
misspelled it (e.g., `\hobx'), type `I' and the correct
spelling (e.g., `I\hbox'). Otherwise just continue,
and I'll forget about whatever was undefined.


! LaTeX Error: Missing \begin{document}.

See the LaTeX manual or LaTeX Companion for explanation.
Type  H <return>  for immediate help.
 ...                                              
                                                  
l.28   		\hypersetup{h
                      idelinks}
You're in trouble here.  Try typing  <return>  to proceed.
If that doesn't work, type  X <return>  to quit.

Missing character: There is no h in font nullfont!
Missing character: There is no i in font nullfont!
Missing character: There is no d in font nullfont!
Missing character: There is no e in font nullfont!
Missing character: There is no l in font nullfont!
Missing character: There is no i in font nullfont!
Missing character: There is no n in font nullfont!
Missing character: There is no k in font nullfont!
Missing character: There is no s in font nullfont!

! LaTeX Error: Command \contentsname undefined.

See the LaTeX manual or LaTeX Companion for explanation.
Type  H <return>  for immediate help.
 ...                                              
                                                  
l.30 		\renewcommand\contentsname
                                 {Table of contents}
Try typing  <return>  to proceed.
If that doesn't work, type  X <return>  to quit.

! Undefined control sequence.
l.31   		\tableofcontents
                         
The control sequence at the end of the top line
of your error message was never \def'ed. If you have
misspelled it (e.g., `\hobx'), type `I' and the correct
spelling (e.g., `I\hbox'). Otherwise just continue,
and I'll forget about whatever was undefined.


Overfull \hbox (20.0pt too wide) in paragraph at lines 28--32
[]
 []


! LaTeX Error: The font size command \normalsize is not defined:
               there is probably something wrong with the class file.

See the LaTeX manual or LaTeX Companion for explanation.
Type  H <return>  for immediate help.
 ...                                              
                                                  
l.32 		\clearpage
                 
Your command was ignored.
Type  I <command> <return>  to replace it with another command,
or  <return>  to continue without it.

[1{/usr/local/texlive/2019/texmf-var/fonts/map/pdftex/updmap/pdftex.map}
\@writefile{toc}{\pagestyle {empty}}
])
! Emergency stop.
<*> title_and_toc.tex
                     
*** (job aborted, no legal \end found)

 
Here is how much of TeX's memory you used:
 29 strings out of 492616
 342 string characters out of 6129481
 59222 words of memory out of 5000000
 4046 multiletter control sequences out of 15000+600000
 3986 words of font info for 15 fonts, out of 8000000 for 9000
 1141 hyphenation exceptions out of 8191
 18i,4n,12p,99b,172s stack positions out of 5000i,500n,10000p,200000b,80000s
!  ==> Fatal error occurred, no output PDF file produced!
